This is pdfTeX, Version 3.14159265-2.6-1.40.17 (TeX Live 2016) (preloaded format=pdflatex 2016.5.22)  16 OCT 2016 18:39
entering extended mode
 restricted \write18 enabled.
 %&-line parsing enabled.
**ps1.tex
(./ps1.tex
LaTeX2e <2016/03/31>
Babel <3.9r> and hyphenation patterns for 83 language(s) loaded.
(/usr/local/texlive/2016/texmf-dist/tex/latex/base/article.cls
Document Class: article 2014/09/29 v1.4h Standard LaTeX document class
(/usr/local/texlive/2016/texmf-dist/tex/latex/base/size12.clo
File: size12.clo 2014/09/29 v1.4h Standard LaTeX file (size option)
)
\c@part=\count79
\c@section=\count80
\c@subsection=\count81
\c@subsubsection=\count82
\c@paragraph=\count83
\c@subparagraph=\count84
\c@figure=\count85
\c@table=\count86
\abovecaptionskip=\skip41
\belowcaptionskip=\skip42
\bibindent=\dimen102
)
(/usr/local/texlive/2016/texmf-dist/tex/latex/amsmath/amsmath.sty
Package: amsmath 2016/03/10 v2.15b AMS math features
\@mathmargin=\skip43

For additional information on amsmath, use the `?' option.
(/usr/local/texlive/2016/texmf-dist/tex/latex/amsmath/amstext.sty
Package: amstext 2000/06/29 v2.01 AMS text

(/usr/local/texlive/2016/texmf-dist/tex/latex/amsmath/amsgen.sty
File: amsgen.sty 1999/11/30 v2.0 generic functions
\@emptytoks=\toks14
\ex@=\dimen103
))
(/usr/local/texlive/2016/texmf-dist/tex/latex/amsmath/amsbsy.sty
Package: amsbsy 1999/11/29 v1.2d Bold Symbols
\pmbraise@=\dimen104
)
(/usr/local/texlive/2016/texmf-dist/tex/latex/amsmath/amsopn.sty
Package: amsopn 2016/03/08 v2.02 operator names
)
\inf@bad=\count87
LaTeX Info: Redefining \frac on input line 199.
\uproot@=\count88
\leftroot@=\count89
LaTeX Info: Redefining \overline on input line 297.
\classnum@=\count90
\DOTSCASE@=\count91
LaTeX Info: Redefining \ldots on input line 394.
LaTeX Info: Redefining \dots on input line 397.
LaTeX Info: Redefining \cdots on input line 518.
\Mathstrutbox@=\box26
\strutbox@=\box27
\big@size=\dimen105
LaTeX Font Info:    Redeclaring font encoding OML on input line 634.
LaTeX Font Info:    Redeclaring font encoding OMS on input line 635.
\macc@depth=\count92
\c@MaxMatrixCols=\count93
\dotsspace@=\muskip10
\c@parentequation=\count94
\dspbrk@lvl=\count95
\tag@help=\toks15
\row@=\count96
\column@=\count97
\maxfields@=\count98
\andhelp@=\toks16
\eqnshift@=\dimen106
\alignsep@=\dimen107
\tagshift@=\dimen108
\tagwidth@=\dimen109
\totwidth@=\dimen110
\lineht@=\dimen111
\@envbody=\toks17
\multlinegap=\skip44
\multlinetaggap=\skip45
\mathdisplay@stack=\toks18
LaTeX Info: Redefining \[ on input line 2739.
LaTeX Info: Redefining \] on input line 2740.
)
(/usr/local/texlive/2016/texmf-dist/tex/latex/amsfonts/amssymb.sty
Package: amssymb 2013/01/14 v3.01 AMS font symbols

(/usr/local/texlive/2016/texmf-dist/tex/latex/amsfonts/amsfonts.sty
Package: amsfonts 2013/01/14 v3.01 Basic AMSFonts support
\symAMSa=\mathgroup4
\symAMSb=\mathgroup5
LaTeX Font Info:    Overwriting math alphabet `\mathfrak' in version `bold'
(Font)                  U/euf/m/n --> U/euf/b/n on input line 106.
))
(/usr/local/texlive/2016/texmf-dist/tex/latex/graphics/graphicx.sty
Package: graphicx 2014/10/28 v1.0g Enhanced LaTeX Graphics (DPC,SPQR)

(/usr/local/texlive/2016/texmf-dist/tex/latex/graphics/keyval.sty
Package: keyval 2014/10/28 v1.15 key=value parser (DPC)
\KV@toks@=\toks19
)
(/usr/local/texlive/2016/texmf-dist/tex/latex/graphics/graphics.sty
Package: graphics 2016/05/09 v1.0r Standard LaTeX Graphics (DPC,SPQR)

(/usr/local/texlive/2016/texmf-dist/tex/latex/graphics/trig.sty
Package: trig 2016/01/03 v1.10 sin cos tan (DPC)
)
(/usr/local/texlive/2016/texmf-dist/tex/latex/graphics-cfg/graphics.cfg
File: graphics.cfg 2016/01/02 v1.10 sample graphics configuration
)
Package graphics Info: Driver file: pdftex.def on input line 96.

(/usr/local/texlive/2016/texmf-dist/tex/latex/pdftex-def/pdftex.def
File: pdftex.def 2011/05/27 v0.06d Graphics/color for pdfTeX

(/usr/local/texlive/2016/texmf-dist/tex/generic/oberdiek/infwarerr.sty
Package: infwarerr 2016/05/16 v1.4 Providing info/warning/error messages (HO)
)
(/usr/local/texlive/2016/texmf-dist/tex/generic/oberdiek/ltxcmds.sty
Package: ltxcmds 2016/05/16 v1.23 LaTeX kernel commands for general use (HO)
)
\Gread@gobject=\count99
))
\Gin@req@height=\dimen112
\Gin@req@width=\dimen113
)
(./ps1.aux)
\openout1 = `ps1.aux'.

LaTeX Font Info:    Checking defaults for OML/cmm/m/it on input line 6.
LaTeX Font Info:    ... okay on input line 6.
LaTeX Font Info:    Checking defaults for T1/cmr/m/n on input line 6.
LaTeX Font Info:    ... okay on input line 6.
LaTeX Font Info:    Checking defaults for OT1/cmr/m/n on input line 6.
LaTeX Font Info:    ... okay on input line 6.
LaTeX Font Info:    Checking defaults for OMS/cmsy/m/n on input line 6.
LaTeX Font Info:    ... okay on input line 6.
LaTeX Font Info:    Checking defaults for OMX/cmex/m/n on input line 6.
LaTeX Font Info:    ... okay on input line 6.
LaTeX Font Info:    Checking defaults for U/cmr/m/n on input line 6.
LaTeX Font Info:    ... okay on input line 6.

(/usr/local/texlive/2016/texmf-dist/tex/context/base/mkii/supp-pdf.mkii
[Loading MPS to PDF converter (version 2006.09.02).]
\scratchcounter=\count100
\scratchdimen=\dimen114
\scratchbox=\box28
\nofMPsegments=\count101
\nofMParguments=\count102
\everyMPshowfont=\toks20
\MPscratchCnt=\count103
\MPscratchDim=\dimen115
\MPnumerator=\count104
\makeMPintoPDFobject=\count105
\everyMPtoPDFconversion=\toks21
) (/usr/local/texlive/2016/texmf-dist/tex/generic/oberdiek/pdftexcmds.sty
Package: pdftexcmds 2016/05/10 v0.21 Utility functions of pdfTeX for LuaTeX (HO
)

(/usr/local/texlive/2016/texmf-dist/tex/generic/oberdiek/ifluatex.sty
Package: ifluatex 2016/05/16 v1.4 Provides the ifluatex switch (HO)
Package ifluatex Info: LuaTeX not detected.
)
(/usr/local/texlive/2016/texmf-dist/tex/generic/oberdiek/ifpdf.sty
Package: ifpdf 2016/05/14 v3.1 Provides the ifpdf switch
)
Package pdftexcmds Info: LuaTeX not detected.
Package pdftexcmds Info: \pdf@primitive is available.
Package pdftexcmds Info: \pdf@ifprimitive is available.
Package pdftexcmds Info: \pdfdraftmode found.
)
(/usr/local/texlive/2016/texmf-dist/tex/latex/oberdiek/epstopdf-base.sty
Package: epstopdf-base 2016/05/15 v2.6 Base part for package epstopdf

(/usr/local/texlive/2016/texmf-dist/tex/latex/oberdiek/grfext.sty
Package: grfext 2016/05/16 v1.2 Manage graphics extensions (HO)

(/usr/local/texlive/2016/texmf-dist/tex/generic/oberdiek/kvdefinekeys.sty
Package: kvdefinekeys 2016/05/16 v1.4 Define keys (HO)
))
(/usr/local/texlive/2016/texmf-dist/tex/latex/oberdiek/kvoptions.sty
Package: kvoptions 2016/05/16 v3.12 Key value format for package options (HO)

(/usr/local/texlive/2016/texmf-dist/tex/generic/oberdiek/kvsetkeys.sty
Package: kvsetkeys 2016/05/16 v1.17 Key value parser (HO)

(/usr/local/texlive/2016/texmf-dist/tex/generic/oberdiek/etexcmds.sty
Package: etexcmds 2016/05/16 v1.6 Avoid name clashes with e-TeX commands (HO)
Package etexcmds Info: Could not find \expanded.
(etexcmds)             That can mean that you are not using pdfTeX 1.50 or
(etexcmds)             that some package has redefined \expanded.
(etexcmds)             In the latter case, load this package earlier.
)))
Package grfext Info: Graphics extension search list:
(grfext)             [.png,.pdf,.jpg,.mps,.jpeg,.jbig2,.jb2,.PNG,.PDF,.JPG,.JPE
G,.JBIG2,.JB2,.eps]
(grfext)             \AppendGraphicsExtensions on input line 456.

(/usr/local/texlive/2016/texmf-dist/tex/latex/latexconfig/epstopdf-sys.cfg
File: epstopdf-sys.cfg 2010/07/13 v1.3 Configuration of (r)epstopdf for TeX Liv
e
))
LaTeX Font Info:    Try loading font information for U+msa on input line 18.

(/usr/local/texlive/2016/texmf-dist/tex/latex/amsfonts/umsa.fd
File: umsa.fd 2013/01/14 v3.01 AMS symbols A
)
LaTeX Font Info:    Try loading font information for U+msb on input line 18.

(/usr/local/texlive/2016/texmf-dist/tex/latex/amsfonts/umsb.fd
File: umsb.fd 2013/01/14 v3.01 AMS symbols B
)
<solution/scene.png, id=1, 513.92pt x 385.44pt>
File: solution/scene.png Graphic file (type png)
 <use solution/scene.png>
Package pdftex.def Info: solution/scene.png used on input line 55.
(pdftex.def)             Requested size: 284.53105pt x 227.61935pt.

<solution/ans_1_c_blurred_3.png, id=2, 511.9125pt x 383.4325pt>
File: solution/ans_1_c_blurred_3.png Graphic file (type png)

<use solution/ans_1_c_blurred_3.png>
Package pdftex.def Info: solution/ans_1_c_blurred_3.png used on input line 58.
(pdftex.def)             Requested size: 284.5288pt x 227.62738pt.

<solution/ans_1_c_blurred_5.png, id=3, 509.905pt x 381.425pt>
File: solution/ans_1_c_blurred_5.png Graphic file (type png)

<use solution/ans_1_c_blurred_5.png>
Package pdftex.def Info: solution/ans_1_c_blurred_5.png used on input line 60.
(pdftex.def)             Requested size: 284.54115pt x 227.6229pt.

<solution/ans_1_c_blurred_7.png, id=4, 507.8975pt x 379.4175pt>
File: solution/ans_1_c_blurred_7.png Graphic file (type png)

<use solution/ans_1_c_blurred_7.png>
Package pdftex.def Info: solution/ans_1_c_blurred_7.png used on input line 61.
(pdftex.def)             Requested size: 284.53691pt x 227.6233pt.
File: solution/scene.png Graphic file (type png)
 <use solution/scene.png>
Package pdftex.def Info: solution/scene.png used on input line 66.
(pdftex.def)             Requested size: 284.53105pt x 227.61935pt.

<solution/book.png, id=5, 339.2675pt x 290.08376pt>
File: solution/book.png Graphic file (type png)
 <use solution/book.png>
Package pdftex.def Info: solution/book.png used on input line 68.
(pdftex.def)             Requested size: 284.53754pt x 227.62329pt.

<solution/ans_2_sift_scene.png, id=6, 513.92pt x 385.44pt>
File: solution/ans_2_sift_scene.png Graphic file (type png)

<use solution/ans_2_sift_scene.png>
Package pdftex.def Info: solution/ans_2_sift_scene.png used on input line 72.
(pdftex.def)             Requested size: 284.53105pt x 227.61935pt.

<solution/ans_2_sift_book.png, id=7, 339.2675pt x 290.08376pt>
File: solution/ans_2_sift_book.png Graphic file (type png)

<use solution/ans_2_sift_book.png>
Package pdftex.def Info: solution/ans_2_sift_book.png used on input line 74.
(pdftex.def)             Requested size: 284.53754pt x 227.62329pt.

<solution/ans_2_matches_before_RANSAC.jpg, id=8, 853.1875pt x 385.44pt>
File: solution/ans_2_matches_before_RANSAC.jpg Graphic file (type jpg)

<use solution/ans_2_matches_before_RANSAC.jpg>
Package pdftex.def Info: solution/ans_2_matches_before_RANSAC.jpg used on input
 line 76.
(pdftex.def)             Requested size: 483.7052pt x 227.61935pt.

<solution/ans_2_matches_after_RANSAC.jpg, id=9, 853.1875pt x 385.44pt>
File: solution/ans_2_matches_after_RANSAC.jpg Graphic file (type jpg)

<use solution/ans_2_matches_after_RANSAC.jpg>
Package pdftex.def Info: solution/ans_2_matches_after_RANSAC.jpg used on input 
line 78.
(pdftex.def)             Requested size: 483.7052pt x 227.61935pt.

<solution/ans_2_scene_transformed.jpg, id=10, 513.92pt x 385.44pt>
File: solution/ans_2_scene_transformed.jpg Graphic file (type jpg)

<use solution/ans_2_scene_transformed.jpg>
Package pdftex.def Info: solution/ans_2_scene_transformed.jpg used on input lin
e 85.
(pdftex.def)             Requested size: 284.53105pt x 227.61935pt.

<solution/ans_4_plot.png, id=11, 578.16pt x 433.62pt>
File: solution/ans_4_plot.png Graphic file (type png)

<use solution/ans_4_plot.png>
Package pdftex.def Info: solution/ans_4_plot.png used on input line 137.
(pdftex.def)             Requested size: 284.52713pt x 227.62082pt.

Overfull \hbox (11.22495pt too wide) in paragraph at lines 11--138
\OT1/cmr/bx/n/12 Name: \OT1/cmr/m/n/12 Yash Sad-hwani |  \OT1/cmr/bx/n/12 NetID
\OT1/cmr/m/n/12 : ys2913 
 []


Underfull \hbox (badness 10000) in paragraph at lines 11--138

 []


Underfull \hbox (badness 10000) in paragraph at lines 11--138

 []


Underfull \hbox (badness 10000) in paragraph at lines 11--138

 []


Underfull \hbox (badness 10000) in paragraph at lines 11--138

 []


Underfull \hbox (badness 10000) in paragraph at lines 11--138

 []


Underfull \hbox (badness 10000) in paragraph at lines 11--138

 []


Underfull \hbox (badness 10000) in paragraph at lines 11--138

 []


Underfull \hbox (badness 10000) in paragraph at lines 11--138

 []


Underfull \hbox (badness 10000) in paragraph at lines 11--138

 []


Underfull \hbox (badness 10000) in paragraph at lines 11--138

 []


Underfull \hbox (badness 10000) in paragraph at lines 11--138

 []


Underfull \hbox (badness 10000) in paragraph at lines 11--138

 []


Underfull \hbox (badness 10000) in paragraph at lines 11--138

 []


Underfull \hbox (badness 10000) in paragraph at lines 11--138

 []


Underfull \hbox (badness 10000) in paragraph at lines 11--138

 []


Underfull \hbox (badness 10000) in paragraph at lines 11--138

 []


Underfull \hbox (badness 10000) in paragraph at lines 11--138

 []


Underfull \hbox (badness 10000) in paragraph at lines 11--138

 []


Underfull \hbox (badness 10000) in paragraph at lines 11--138

 []


Underfull \hbox (badness 10000) in paragraph at lines 11--138

 []


Underfull \hbox (badness 10000) in paragraph at lines 11--138

 []


Underfull \hbox (badness 10000) in paragraph at lines 11--138

 []


Underfull \hbox (badness 10000) in paragraph at lines 11--138

 []


Underfull \hbox (badness 10000) in paragraph at lines 11--138

 []


Underfull \hbox (badness 10000) in paragraph at lines 11--138

 []


Underfull \hbox (badness 10000) in paragraph at lines 11--138

 []


Underfull \hbox (badness 10000) in paragraph at lines 11--138

 []


Underfull \hbox (badness 10000) in paragraph at lines 11--138

 []


Underfull \hbox (badness 10000) in paragraph at lines 11--138

 []


Underfull \hbox (badness 10000) in paragraph at lines 11--138

 []


Underfull \hbox (badness 10000) in paragraph at lines 11--138

 []


Underfull \hbox (badness 10000) in paragraph at lines 11--138

 []


Underfull \hbox (badness 10000) in paragraph at lines 11--138

 []


Underfull \hbox (badness 10000) in paragraph at lines 11--138

 []


Underfull \hbox (badness 10000) in paragraph at lines 11--138

 []


Underfull \hbox (badness 10000) in paragraph at lines 11--138

 []


Underfull \hbox (badness 10000) in paragraph at lines 11--138

 []


Underfull \hbox (badness 10000) in paragraph at lines 11--138

 []


Overfull \hbox (93.7052pt too wide) in paragraph at lines 11--138
[] 
 []


Underfull \hbox (badness 10000) in paragraph at lines 11--138

 []


Underfull \hbox (badness 10000) in paragraph at lines 11--138

 []


Underfull \hbox (badness 10000) in paragraph at lines 11--138

 []


Overfull \hbox (93.7052pt too wide) in paragraph at lines 11--138
[] 
 []


Underfull \hbox (badness 10000) in paragraph at lines 11--138

 []


Underfull \hbox (badness 10000) in paragraph at lines 11--138

 []


Underfull \hbox (badness 10000) in paragraph at lines 11--138

 []


Underfull \hbox (badness 10000) in paragraph at lines 11--138

 []


Underfull \hbox (badness 10000) in paragraph at lines 11--138

 []


Underfull \hbox (badness 10000) in paragraph at lines 11--138

 []


Underfull \hbox (badness 10000) in paragraph at lines 11--138

 []


Underfull \hbox (badness 10000) in paragraph at lines 11--138

 []


Underfull \hbox (badness 10000) in paragraph at lines 11--138

 []


Underfull \hbox (badness 10000) in paragraph at lines 11--138

 []


Underfull \hbox (badness 10000) in paragraph at lines 11--138

 []


Underfull \hbox (badness 10000) in paragraph at lines 11--138

 []


Underfull \hbox (badness 10000) in paragraph at lines 11--138

 []


Underfull \hbox (badness 10000) in paragraph at lines 11--138

 []


Overfull \hbox (44.34653pt too wide) in paragraph at lines 11--138
\OML/cmm/m/it/12 P \OT1/cmr/m/n/12 = [] [] 
 []


Underfull \hbox (badness 10000) in paragraph at lines 11--138

 []


Underfull \hbox (badness 10000) in paragraph at lines 11--138

 []


Underfull \hbox (badness 10000) in paragraph at lines 11--138

 []


Underfull \hbox (badness 10000) in paragraph at lines 11--138

 []


Underfull \hbox (badness 10000) in paragraph at lines 11--138

 []


Underfull \hbox (badness 10000) in paragraph at lines 11--138

 []


Underfull \hbox (badness 10000) in paragraph at lines 11--138

 []


Overfull \hbox (11.74635pt too wide) in paragraph at lines 11--138
[]$ 
 []


Underfull \hbox (badness 10000) in paragraph at lines 11--138

 []


Underfull \hbox (badness 10000) in paragraph at lines 11--138

 []

[1

{/usr/local/texlive/2016/texmf-var/fonts/map/pdftex/updmap/pdftex.map}]
[2 <./solution/scene.png (PNG copy)> <./solution/ans_1_c_blurred_3.png (PNG cop
y)>] [3 <./solution/ans_1_c_blurred_5.png (PNG copy)> <./solution/ans_1_c_blurr
ed_7.png (PNG copy)>] [4 <./solution/book.png (PNG copy)>] [5 <./solution/ans_2
_sift_scene.png (PNG copy)> <./solution/ans_2_sift_book.png (PNG copy)>]
[6 <./solution/ans_2_matches_before_RANSAC.jpg> <./solution/ans_2_matches_after
_RANSAC.jpg>] [7 <./solution/ans_2_scene_transformed.jpg>] [8] [9 <./solution/a
ns_4_plot.png>] (./ps1.aux) ) 
Here is how much of TeX's memory you used:
 2425 strings out of 493014
 33119 string characters out of 6133351
 103441 words of memory out of 5000000
 5931 multiletter control sequences out of 15000+600000
 8899 words of font info for 34 fonts, out of 8000000 for 9000
 1141 hyphenation exceptions out of 8191
 37i,8n,26p,243b,140s stack positions out of 5000i,500n,10000p,200000b,80000s
</usr/local/texlive/2016/texmf-dist/fonts/type1/pu
blic/amsfonts/cm/cmbx12.pfb></usr/local/texlive/2016/texmf-dist/fonts/type1/pub
lic/amsfonts/cm/cmex10.pfb></usr/local/texlive/2016/texmf-dist/fonts/type1/publ
ic/amsfonts/cm/cmmi12.pfb></usr/local/texlive/2016/texmf-dist/fonts/type1/publi
c/amsfonts/cm/cmmi8.pfb></usr/local/texlive/2016/texmf-dist/fonts/type1/public/
amsfonts/cm/cmr12.pfb></usr/local/texlive/2016/texmf-dist/fonts/type1/public/am
sfonts/cm/cmr8.pfb></usr/local/texlive/2016/texmf-dist/fonts/type1/public/amsfo
nts/cm/cmsy10.pfb></usr/local/texlive/2016/texmf-dist/fonts/type1/public/amsfon
ts/symbols/msam10.pfb>
Output written on ps1.pdf (9 pages, 1732203 bytes).
PDF statistics:
 79 PDF objects out of 1000 (max. 8388607)
 47 compressed objects within 1 object stream
 0 named destinations out of 1000 (max. 500000)
 56 words of extra memory for PDF output out of 10000 (max. 10000000)

